<?xml version="1.0" encoding="UTF-8"?>
<testng-results ignored="0" total="1" passed="1" failed="0" skipped="0">
  <reporter-output>
  </reporter-output>
  <suite started-at="2025-04-21T23:55:45 IST" name="Default suite" finished-at="2025-04-21T23:56:04 IST" duration-ms="18486">
    <groups>
    </groups>
    <test started-at="2025-04-21T23:55:45 IST" name="Default test" finished-at="2025-04-21T23:56:04 IST" duration-ms="18486">
      <class name="sampleTest.AdminLoginLogoutTest">
        <test-method is-config="true" signature="connectToDatabase()[pri:0, instance:sampleTest.AdminLoginLogoutTest@3a93b025]" started-at="2025-04-21T23:55:40 IST" name="connectToDatabase" finished-at="2025-04-21T23:55:45 IST" duration-ms="5470" status="PASS">
          <reporter-output>
          </reporter-output>
        </test-method> <!-- connectToDatabase -->
        <test-method is-config="true" signature="launchingBrowser(java.lang.String)[pri:0, instance:sampleTest.AdminLoginLogoutTest@3a93b025]" started-at="2025-04-21T23:55:46 IST" name="launchingBrowser" finished-at="2025-04-21T23:56:00 IST" duration-ms="14502" status="PASS">
          <params>
            <param index="0">
              <value>
                <![CDATA[chrome]]>
              </value>
            </param>
          </params>
          <reporter-output>
          </reporter-output>
        </test-method> <!-- launchingBrowser -->
        <test-method is-config="true" signature="setup(org.testng.ITestResult)[pri:0, instance:sampleTest.AdminLoginLogoutTest@3a93b025]" started-at="2025-04-21T23:56:00 IST" name="setup" finished-at="2025-04-21T23:56:02 IST" duration-ms="1813" status="PASS">
          <params>
            <param index="0">
              <value>
                <![CDATA[[TestResult name={null} status=CREATED method=AdminLoginLogoutTest.loginAsAdminAndLogout()[pri:0, instance:sampleTest.AdminLoginLogoutTest@3a93b025] output={null}]]]>
              </value>
            </param>
          </params>
          <reporter-output>
          </reporter-output>
        </test-method> <!-- setup -->
        <test-method signature="loginAsAdminAndLogout()[pri:0, instance:sampleTest.AdminLoginLogoutTest@3a93b025]" started-at="2025-04-21T23:56:02 IST" name="loginAsAdminAndLogout" finished-at="2025-04-21T23:56:02 IST" duration-ms="27" status="PASS">
          <reporter-output>
          </reporter-output>
        </test-method> <!-- loginAsAdminAndLogout -->
        <test-method is-config="true" signature="logoutFromApplication()[pri:0, instance:sampleTest.AdminLoginLogoutTest@3a93b025]" started-at="2025-04-21T23:56:02 IST" name="logoutFromApplication" finished-at="2025-04-21T23:56:03 IST" duration-ms="1506" status="PASS">
          <reporter-output>
          </reporter-output>
        </test-method> <!-- logoutFromApplication -->
        <test-method is-config="true" signature="closingOfBrowser()[pri:0, instance:sampleTest.AdminLoginLogoutTest@3a93b025]" started-at="2025-04-21T23:56:03 IST" name="closingOfBrowser" finished-at="2025-04-21T23:56:04 IST" duration-ms="564" status="PASS">
          <reporter-output>
          </reporter-output>
        </test-method> <!-- closingOfBrowser -->
        <test-method is-config="true" signature="closeDBConnection()[pri:0, instance:sampleTest.AdminLoginLogoutTest@3a93b025]" started-at="2025-04-21T23:56:04 IST" name="closeDBConnection" finished-at="2025-04-21T23:56:04 IST" duration-ms="16" status="PASS">
          <reporter-output>
          </reporter-output>
        </test-method> <!-- closeDBConnection -->
      </class> <!-- sampleTest.AdminLoginLogoutTest -->
    </test> <!-- Default test -->
  </suite> <!-- Default suite -->
</testng-results>
